<?xml version="1.0" encoding="UTF-8"?>
<coverage generated="1679287938">
  <project timestamp="1679287938">
    <package name="WebRegul\SmsRu\Exceptions">
      <file name="/var/www/packeges/sms-ru-client/src/Exceptions/HttpClientErrorException.php">
        <class name="WebRegul\SmsRu\Exceptions\HttpClientErrorException" namespace="WebRegul\SmsRu\Exceptions">
          <metrics complexity="0" methods="0" coveredmethods="0" conditionals="0" coveredconditionals="0" statements="0" coveredstatements="0" elements="0" coveredelements="0"/>
        </class>
        <metrics loc="9" ncloc="9" classes="0" methods="0" coveredmethods="0" conditionals="0" coveredconditionals="0" statements="0" coveredstatements="0" elements="0" coveredelements="0"/>
      </file>
      <file name="/var/www/packeges/sms-ru-client/src/Exceptions/SmsSendingFailedException.php">
        <class name="WebRegul\SmsRu\Exceptions\SmsSendingFailedException" namespace="WebRegul\SmsRu\Exceptions">
          <metrics complexity="4" methods="3" coveredmethods="0" conditionals="0" coveredconditionals="0" statements="12" coveredstatements="0" elements="15" coveredelements="0"/>
        </class>
        <line num="21" type="method" name="__construct" visibility="public" complexity="1" crap="2" count="0"/>
        <line num="22" type="stmt" count="0"/>
        <line num="23" type="stmt" count="0"/>
        <line num="24" type="stmt" count="0"/>
        <line num="25" type="stmt" count="0"/>
        <line num="27" type="stmt" count="0"/>
        <line num="28" type="stmt" count="0"/>
        <line num="33" type="method" name="getStatusCode" visibility="public" complexity="1" crap="2" count="0"/>
        <line num="34" type="stmt" count="0"/>
        <line num="35" type="stmt" count="0"/>
        <line num="36" type="stmt" count="0"/>
        <line num="41" type="method" name="getStatusText" visibility="public" complexity="2" crap="6" count="0"/>
        <line num="42" type="stmt" count="0"/>
        <line num="43" type="stmt" count="0"/>
        <line num="44" type="stmt" count="0"/>
        <metrics loc="45" ncloc="37" classes="1" methods="3" coveredmethods="0" conditionals="0" coveredconditionals="0" statements="12" coveredstatements="0" elements="15" coveredelements="0"/>
      </file>
    </package>
    <package name="WebRegul\SmsRu\Message">
      <file name="/var/www/packeges/sms-ru-client/src/Message/Multi.php">
        <class name="WebRegul\SmsRu\Message\Multi" namespace="WebRegul\SmsRu\Message">
          <metrics complexity="5" methods="5" coveredmethods="4" conditionals="0" coveredconditionals="0" statements="8" coveredstatements="7" elements="13" coveredelements="11"/>
        </class>
        <line num="29" type="method" name="__construct" visibility="public" complexity="1" crap="1" count="1"/>
        <line num="31" type="stmt" count="1"/>
        <line num="32" type="stmt" count="1"/>
        <line num="33" type="stmt" count="1"/>
        <line num="34" type="stmt" count="1"/>
        <line num="39" type="method" name="getTo" visibility="public" complexity="1" crap="1" count="1"/>
        <line num="41" type="stmt" count="1"/>
        <line num="47" type="method" name="getMessage" visibility="public" complexity="1" crap="2" count="0"/>
        <line num="49" type="stmt" count="0"/>
        <line num="55" type="method" name="useIconv" visibility="public" complexity="1" crap="1" count="1"/>
        <line num="57" type="stmt" count="1"/>
        <line num="63" type="method" name="asMulti" visibility="public" complexity="1" crap="1" count="1"/>
        <line num="65" type="stmt" count="1"/>
        <metrics loc="67" ncloc="49" classes="1" methods="5" coveredmethods="4" conditionals="0" coveredconditionals="0" statements="8" coveredstatements="7" elements="13" coveredelements="11"/>
      </file>
      <file name="/var/www/packeges/sms-ru-client/src/Message/Recipient.php">
        <class name="WebRegul\SmsRu\Message\Recipient" namespace="WebRegul\SmsRu\Message">
          <metrics complexity="12" methods="4" coveredmethods="3" conditionals="0" coveredconditionals="0" statements="11" coveredstatements="10" elements="15" coveredelements="13"/>
        </class>
        <line num="32" type="method" name="buildMessage" visibility="public" complexity="3" crap="3" count="5"/>
        <line num="34" type="stmt" count="5"/>
        <line num="36" type="stmt" count="5"/>
        <line num="38" type="stmt" count="1"/>
        <line num="39" type="stmt" count="1"/>
        <line num="42" type="stmt" count="1"/>
        <line num="45" type="stmt" count="4"/>
        <line num="46" type="stmt" count="4"/>
        <line num="48" type="stmt" count="4"/>
        <line num="56" type="method" name="defineEncoding" visibility="private" complexity="2" crap="2" count="5"/>
        <line num="58" type="stmt" count="5"/>
        <line num="66" type="method" name="collapseRecipients" visibility="private" complexity="2" crap="2" count="4"/>
        <line num="68" type="stmt" count="4"/>
        <line num="76" type="method" name="toIconv" visibility="private" complexity="1" crap="2" count="0"/>
        <line num="78" type="stmt" count="0"/>
        <metrics loc="80" ncloc="57" classes="1" methods="4" coveredmethods="3" conditionals="0" coveredconditionals="0" statements="11" coveredstatements="10" elements="15" coveredelements="13"/>
      </file>
      <file name="/var/www/packeges/sms-ru-client/src/Message/SmsRuMessage.php">
        <class name="WebRegul\SmsRu\Message\SmsRuMessage" namespace="WebRegul\SmsRu\Message">
          <metrics complexity="10" methods="9" coveredmethods="8" conditionals="0" coveredconditionals="0" statements="22" coveredstatements="21" elements="31" coveredelements="29"/>
        </class>
        <line num="39" type="method" name="__construct" visibility="public" complexity="1" crap="1" count="5"/>
        <line num="41" type="stmt" count="5"/>
        <line num="42" type="stmt" count="5"/>
        <line num="49" type="method" name="fromRecipient" visibility="public" complexity="1" crap="2" count="0"/>
        <line num="51" type="stmt" count="0"/>
        <line num="57" type="method" name="getRecipient" visibility="public" complexity="1" crap="1" count="1"/>
        <line num="59" type="stmt" count="1"/>
        <line num="67" type="method" name="withIp" visibility="public" complexity="2" crap="2" count="1"/>
        <line num="69" type="stmt" count="1"/>
        <line num="70" type="stmt" count="1"/>
        <line num="73" type="stmt" count="1"/>
        <line num="81" type="method" name="withTime" visibility="public" complexity="1" crap="1" count="1"/>
        <line num="83" type="stmt" count="1"/>
        <line num="85" type="stmt" count="1"/>
        <line num="93" type="method" name="withTtl" visibility="public" complexity="1" crap="1" count="1"/>
        <line num="95" type="stmt" count="1"/>
        <line num="97" type="stmt" count="1"/>
        <line num="103" type="method" name="enableDaytime" visibility="public" complexity="1" crap="1" count="1"/>
        <line num="105" type="stmt" count="1"/>
        <line num="107" type="stmt" count="1"/>
        <line num="113" type="method" name="enableTranslit" visibility="public" complexity="1" crap="1" count="1"/>
        <line num="115" type="stmt" count="1"/>
        <line num="117" type="stmt" count="1"/>
        <line num="123" type="method" name="toArray" visibility="public" complexity="1" crap="1" count="5"/>
        <line num="126" type="stmt" count="5"/>
        <line num="127" type="stmt" count="5"/>
        <line num="128" type="stmt" count="5"/>
        <line num="129" type="stmt" count="5"/>
        <line num="130" type="stmt" count="5"/>
        <line num="133" type="stmt" count="5"/>
        <line num="134" type="stmt" count="5"/>
        <metrics loc="137" ncloc="101" classes="1" methods="9" coveredmethods="8" conditionals="0" coveredconditionals="0" statements="22" coveredstatements="21" elements="31" coveredelements="29"/>
      </file>
      <file name="/var/www/packeges/sms-ru-client/src/Message/To.php">
        <class name="WebRegul\SmsRu\Message\To" namespace="WebRegul\SmsRu\Message">
          <metrics complexity="5" methods="5" coveredmethods="5" conditionals="0" coveredconditionals="0" statements="8" coveredstatements="8" elements="13" coveredelements="13"/>
        </class>
        <line num="29" type="method" name="__construct" visibility="public" complexity="1" crap="1" count="5"/>
        <line num="31" type="stmt" count="5"/>
        <line num="32" type="stmt" count="5"/>
        <line num="33" type="stmt" count="5"/>
        <line num="34" type="stmt" count="5"/>
        <line num="39" type="method" name="getTo" visibility="public" complexity="1" crap="1" count="5"/>
        <line num="41" type="stmt" count="5"/>
        <line num="47" type="method" name="getMessage" visibility="public" complexity="1" crap="1" count="5"/>
        <line num="49" type="stmt" count="5"/>
        <line num="55" type="method" name="useIconv" visibility="public" complexity="1" crap="1" count="4"/>
        <line num="57" type="stmt" count="4"/>
        <line num="63" type="method" name="asMulti" visibility="public" complexity="1" crap="1" count="4"/>
        <line num="65" type="stmt" count="4"/>
        <metrics loc="67" ncloc="49" classes="1" methods="5" coveredmethods="5" conditionals="0" coveredconditionals="0" statements="8" coveredstatements="8" elements="13" coveredelements="13"/>
      </file>
    </package>
    <package name="WebRegul\SmsRu">
      <file name="/var/www/packeges/sms-ru-client/src/Parameterizable.php">
        <class name="Parameterizable" namespace="WebRegul\SmsRu">
          <metrics complexity="4" methods="2" coveredmethods="2" conditionals="0" coveredconditionals="0" statements="7" coveredstatements="7" elements="9" coveredelements="9"/>
        </class>
        <line num="12" type="method" name="fillFromParameters" visibility="protected" complexity="3" crap="3" count="7"/>
        <line num="14" type="stmt" count="7"/>
        <line num="15" type="stmt" count="7"/>
        <line num="16" type="stmt" count="1"/>
        <line num="19" type="stmt" count="6"/>
        <line num="21" type="stmt" count="6"/>
        <line num="28" type="method" name="toCamel" visibility="private" complexity="1" crap="1" count="7"/>
        <line num="30" type="stmt" count="7"/>
        <line num="32" type="stmt" count="7"/>
        <metrics loc="34" ncloc="28" classes="1" methods="2" coveredmethods="2" conditionals="0" coveredconditionals="0" statements="7" coveredstatements="7" elements="9" coveredelements="9"/>
      </file>
      <file name="/var/www/packeges/sms-ru-client/src/SmsRuApi.php">
        <class name="WebRegul\SmsRu\SmsRuApi" namespace="WebRegul\SmsRu">
          <metrics complexity="13" methods="10" coveredmethods="9" conditionals="0" coveredconditionals="0" statements="22" coveredstatements="18" elements="32" coveredelements="27"/>
        </class>
        <line num="27" type="method" name="__construct" visibility="public" complexity="1" crap="1" count="5"/>
        <line num="29" type="stmt" count="5"/>
        <line num="30" type="stmt" count="5"/>
        <line num="31" type="stmt" count="5"/>
        <line num="41" type="method" name="send" visibility="public" complexity="1" crap="1" count="1"/>
        <line num="43" type="stmt" count="1"/>
        <line num="54" type="method" name="cost" visibility="public" complexity="1" crap="1" count="1"/>
        <line num="56" type="stmt" count="1"/>
        <line num="65" type="method" name="balance" visibility="public" complexity="1" crap="1" count="1"/>
        <line num="67" type="stmt" count="1"/>
        <line num="76" type="method" name="limit" visibility="public" complexity="1" crap="1" count="1"/>
        <line num="78" type="stmt" count="1"/>
        <line num="87" type="method" name="senders" visibility="public" complexity="1" crap="1" count="1"/>
        <line num="89" type="stmt" count="1"/>
        <line num="101" type="method" name="requestWithMessage" visibility="private" complexity="1" crap="1" count="2"/>
        <line num="103" type="stmt" count="2"/>
        <line num="105" type="stmt" count="2"/>
        <line num="116" type="method" name="emptyRequest" visibility="private" complexity="1" crap="1" count="3"/>
        <line num="118" type="stmt" count="3"/>
        <line num="130" type="method" name="request" visibility="private" complexity="4" crap="5.02" count="5"/>
        <line num="133" type="stmt" count="5"/>
        <line num="134" type="stmt" count="5"/>
        <line num="137" type="stmt" count="5"/>
        <line num="139" type="stmt" count="5"/>
        <line num="140" type="stmt" count="0"/>
        <line num="143" type="stmt" count="5"/>
        <line num="144" type="stmt" count="0"/>
        <line num="147" type="stmt" count="5"/>
        <line num="148" type="stmt" count="0"/>
        <line num="149" type="stmt" count="0"/>
        <line num="158" type="method" name="endpoint" visibility="private" complexity="1" crap="1" count="5"/>
        <line num="160" type="stmt" count="5"/>
        <metrics loc="162" ncloc="102" classes="1" methods="10" coveredmethods="9" conditionals="0" coveredconditionals="0" statements="22" coveredstatements="18" elements="32" coveredelements="27"/>
      </file>
      <file name="/var/www/packeges/sms-ru-client/src/SmsRuConfig.php">
        <class name="WebRegul\SmsRu\SmsRuConfig" namespace="WebRegul\SmsRu">
          <metrics complexity="2" methods="2" coveredmethods="2" conditionals="0" coveredconditionals="0" statements="10" coveredstatements="10" elements="12" coveredelements="12"/>
        </class>
        <line num="46" type="method" name="__construct" visibility="public" complexity="1" crap="1" count="7"/>
        <line num="48" type="stmt" count="7"/>
        <line num="49" type="stmt" count="6"/>
        <line num="54" type="method" name="toArray" visibility="public" complexity="1" crap="1" count="6"/>
        <line num="56" type="stmt" count="6"/>
        <line num="57" type="stmt" count="6"/>
        <line num="58" type="stmt" count="6"/>
        <line num="59" type="stmt" count="6"/>
        <line num="60" type="stmt" count="6"/>
        <line num="61" type="stmt" count="6"/>
        <line num="62" type="stmt" count="6"/>
        <line num="63" type="stmt" count="6"/>
        <metrics loc="66" ncloc="50" classes="1" methods="2" coveredmethods="2" conditionals="0" coveredconditionals="0" statements="10" coveredstatements="10" elements="12" coveredelements="12"/>
      </file>
      <file name="/var/www/packeges/sms-ru-client/src/SmsRuResponse.php">
        <class name="WebRegul\SmsRu\SmsRuResponse" namespace="WebRegul\SmsRu">
          <metrics complexity="22" methods="13" coveredmethods="10" conditionals="0" coveredconditionals="0" statements="14" coveredstatements="11" elements="27" coveredelements="21"/>
        </class>
        <line num="90" type="method" name="__construct" visibility="public" complexity="1" crap="1" count="5"/>
        <line num="92" type="stmt" count="5"/>
        <line num="93" type="stmt" count="5"/>
        <line num="98" type="method" name="getStatus" visibility="public" complexity="1" crap="1" count="5"/>
        <line num="100" type="stmt" count="5"/>
        <line num="106" type="method" name="getStatusCode" visibility="public" complexity="1" crap="1" count="5"/>
        <line num="108" type="stmt" count="5"/>
        <line num="114" type="method" name="getSms" visibility="public" complexity="2" crap="2" count="2"/>
        <line num="116" type="stmt" count="2"/>
        <line num="122" type="method" name="getBalance" visibility="public" complexity="2" crap="2" count="2"/>
        <line num="124" type="stmt" count="2"/>
        <line num="130" type="method" name="getTotalCost" visibility="public" complexity="2" crap="2" count="1"/>
        <line num="132" type="stmt" count="1"/>
        <line num="138" type="method" name="getTotalSms" visibility="public" complexity="2" crap="2" count="1"/>
        <line num="140" type="stmt" count="1"/>
        <line num="146" type="method" name="getTotalLimit" visibility="public" complexity="3" crap="3" count="1"/>
        <line num="148" type="stmt" count="1"/>
        <line num="154" type="method" name="getUsedToday" visibility="public" complexity="2" crap="2" count="1"/>
        <line num="156" type="stmt" count="1"/>
        <line num="162" type="method" name="getSenders" visibility="public" complexity="2" crap="2" count="1"/>
        <line num="164" type="stmt" count="1"/>
        <line num="170" type="method" name="isNonZeroBalance" visibility="public" complexity="1" crap="2" count="0"/>
        <line num="172" type="stmt" count="0"/>
        <line num="175" type="method" name="isOk" visibility="public" complexity="1" crap="2" count="0"/>
        <line num="177" type="stmt" count="0"/>
        <line num="185" type="method" name="errorTextFromCode" visibility="public" complexity="2" crap="6" count="0"/>
        <line num="187" type="stmt" count="0"/>
        <metrics loc="189" ncloc="145" classes="1" methods="13" coveredmethods="10" conditionals="0" coveredconditionals="0" statements="14" coveredstatements="11" elements="27" coveredelements="21"/>
      </file>
    </package>
    <metrics files="10" loc="856" ncloc="627" classes="9" methods="53" coveredmethods="43" conditionals="0" coveredconditionals="0" statements="114" coveredstatements="92" elements="167" coveredelements="135"/>
  </project>
</coverage>
